<?xml version="1.0" encoding="UTF-8"?>
<!-- Generated by org.testng.reporters.JUnitReportReporter -->
<testsuite hostname="DESKTOP-8H9A9HG" failures="0" tests="4" name="TestRunner.CucumberTestRunner" time="16.882" errors="0" timestamp="2024-11-15T01:51:12 CET" skipped="0">
  <testcase classname="TestRunner.CucumberTestRunner" name="runScenario" time="2.162"/>
  <testcase classname="TestRunner.CucumberTestRunner" name="runScenario" time="4.480"/>
  <testcase classname="TestRunner.CucumberTestRunner" name="runScenario" time="2.017"/>
  <testcase classname="TestRunner.CucumberTestRunner" name="runScenario" time="8.223"/>
</testsuite> <!-- TestRunner.CucumberTestRunner -->
