<?xml version="1.0" encoding="UTF-8"?>
<!-- Generated by org.testng.reporters.JUnitReportReporter -->
<testsuite hostname="DESKTOP-8H9A9HG" failures="0" tests="4" name="TestRunner.CucumberTestRunner" time="24.086" errors="0" timestamp="2024-11-15T00:03:20 CET" skipped="0">
  <testcase classname="TestRunner.CucumberTestRunner" name="runScenario" time="3.261"/>
  <testcase classname="TestRunner.CucumberTestRunner" name="runScenario" time="7.320"/>
  <testcase classname="TestRunner.CucumberTestRunner" name="runScenario" time="3.336"/>
  <testcase classname="TestRunner.CucumberTestRunner" name="runScenario" time="10.169"/>
</testsuite> <!-- TestRunner.CucumberTestRunner -->
