<?xml version="1.0" encoding="UTF-8"?>
<!-- Generated by org.testng.reporters.JUnitReportReporter -->
<testsuite hostname="DESKTOP-8H9A9HG" failures="0" tests="1" name="TestRunner.CucumberTestRunnerorTag" time="0.077" errors="0" timestamp="2024-11-15T00:06:27 CET" skipped="0">
  <testcase classname="TestRunner.CucumberTestRunnerorTag" name="runScenario" time="0.077"/>
</testsuite> <!-- TestRunner.CucumberTestRunnerorTag -->
